make all --print-data-base --no-builtin-variables --no-builtin-rules --question
# GNU Make 3.81
# Copyright (C) 2006  Free Software Foundation, Inc.
# This is free software; see the source for copying conditions.
# There is NO warranty; not even for MERCHANTABILITY or FITNESS FOR A
# PARTICULAR PURPOSE.

# This program built for i386-apple-darwin11.3.0
 

# Make data base, printed on Tue Aug  2 13:53:55 2022

# Variables

# automatic
<D = $(patsubst %/,%,$(dir $<))
# automatic
?F = $(notdir $?)
# makefile (from `Makefile', line 17)
SRC = srcs/operations/ft_create_philos.c srcs/operations/ft_death_checker.c srcs/operations/ft_eating_case.c srcs/operations/ft_philo_routine.c srcs/operations/ft_sleeping_thinking.c srcs/operations/ft_taking_forks.c srcs/parsing/ft_init_args.c srcs/parsing/ft_init_semaphore.c srcs/parsing/ft_kill_philos.c srcs/parsing/ft_valid_args.c srcs/ft_tools/ft_atoi.c srcs/ft_tools/ft_calloc.c srcs/ft_tools/ft_cout.c srcs/ft_tools/ft_time_calcul.c srcs/ft_tools/ft_putstr_fd.c srcs/ft_tools/ft_help_menu.c srcs/philo_bonus.c
# environment
VSCODE_LOG_NATIVE = false
# automatic
?D = $(patsubst %/,%,$(dir $?))
# automatic
@D = $(patsubst %/,%,$(dir $@))
# automatic
@F = $(notdir $@)
# makefile
CURDIR := /Users/aoumad/Desktop/philo_bonus
# makefile
SHELL = /bin/sh
# environment
VSCODE_NLS_CONFIG = {"locale":"en-us","availableLanguages":{},"_languagePackSupport":true}
# environment
_ = /usr/bin/make
# makefile (from `Makefile', line 1)
MAKEFILE_LIST :=  Makefile
# environment
VSCODE_VERBOSE_LOGGING = true
# makefile (from `Makefile', line 31)
OBJS = $(SRC:.c=.o)
# environment
VSCODE_IPC_HOOK_EXTHOST = /var/folders/zz/zyxvpxvq6csfxvn_n000cf600033jh/T/vscode-ipc-4281d509-d0b5-4f46-94ea-54d686c05cda.sock
# environment
VSCODE_CWD = /
# environment
PATH = /usr/local/bin:/usr/bin:/bin:/usr/sbin:/sbin:/usr/local/munki
# environment
LSCOLORS = Gxfxcxdxbxegedabagacad
# environment
LaunchInstanceID = 0904A0B8-F068-4515-BF6F-E9974EE6969A
# environment
VSCODE_LOG_STACK = false
# environment
ELECTRON_RUN_AS_NODE = 1
# default
.FEATURES := target-specific order-only second-expansion else-if archives jobserver check-symlink
# environment
SSH_AUTH_SOCK = /private/tmp/com.apple.launchd.KqnRqDVUz1/Listeners
# automatic
%F = $(notdir $%)
# environment
VSCODE_PIPE_LOGGING = true
# environment
PWD = /Users/aoumad/Desktop/philo_bonus
# environment
ORIGINAL_XDG_CURRENT_DESKTOP = undefined
# environment
VSCODE_AMD_ENTRYPOINT = vs/workbench/api/node/extensionHostProcess
# environment
HOME = /Users/aoumad
# default
MAKEFILEPATH = $(shell /usr/bin/xcode-select -print-path 2>/dev/null || echo /Developer)/Makefiles
# environment
VSCODE_CODE_CACHE_PATH = /Users/aoumad/Library/Application Support/Code/CachedData/57fd6d0195bb9b9d1b49f6da5db789060795de47
# environment
LOGNAME = aoumad
# environment
APPLICATION_INSIGHTS_NO_DIAGNOSTIC_CHANNEL = 1
# environment
ZSH = /Users/aoumad/.oh-my-zsh
# environment
VSCODE_HANDLES_UNCAUGHT_ERRORS = true
# automatic
^D = $(patsubst %/,%,$(dir $^))
# environment
XPC_FLAGS = 0x0
# default
MAKE = $(MAKE_COMMAND)
# default
MAKECMDGOALS := all
# environment
SHLVL = 1
# makefile (from `Makefile', line 27)
CC = gcc
# default
MAKE_VERSION := 3.81
# environment
USER = aoumad
# makefile
.DEFAULT_GOAL := philo_bonus
# makefile (from `Makefile', line 13)
NAME = philo_bonus
# environment
LESS = -R
# automatic
%D = $(patsubst %/,%,$(dir $%))
# default
MAKE_COMMAND := /Library/Developer/CommandLineTools/usr/bin/make
# makefile (from `Makefile', line 15)
INC = includes/philo_bonus.h
# default
.VARIABLES := 
# environment
TMPDIR = /var/folders/zz/zyxvpxvq6csfxvn_n000cf600033jh/T/
# automatic
*F = $(notdir $*)
# environment
VSCODE_IPC_HOOK = /Users/aoumad/Library/Application Support/Code/1.67.0-main.sock
# makefile
MAKEFLAGS = Rrqp
# environment
MFLAGS = -Rrqp
# automatic
*D = $(patsubst %/,%,$(dir $*))
# environment
XPC_SERVICE_NAME = com.apple.xpc.launchd.oneshot.0x10000004.Electron
# automatic
+D = $(patsubst %/,%,$(dir $+))
# automatic
+F = $(notdir $+)
# environment
__CF_USER_TEXT_ENCODING = 0x18E30:0x0:0x0
# environment
COMMAND_MODE = unix2003
# default
MAKEFILES := 
# automatic
<F = $(notdir $<)
# environment
PAGER = less
# environment
LC_ALL = C
# environment
SECURITYSESSIONID = 186a8
# automatic
^F = $(notdir $^)
# default
SUFFIXES := 
# makefile (from `Makefile', line 29)
FLAGS = -g -Wall -Wextra -Werror -pthread
# default
.INCLUDE_DIRS = /usr/local/include
# environment
MAKELEVEL := 0
# environment
LANG = C
# environment
VSCODE_PID = 1004
# variable set hash-table stats:
# Load=73/1024=7%, Rehash=0, Collisions=4/109=4%

# Pattern-specific Variable Values

# No pattern-specific variable values.

# Directories

# . (device 16777225, inode 512997): 7 files, no impossibilities.
# srcs/operations (device 16777225, inode 513018): 9 files, no impossibilities so far.
# includes (device 16777225, inode 513000): No files, no impossibilities so far.

# 16 files, no impossibilities in 3 directories.

# Implicit Rules

%.o: %.c includes/philo_bonus.h
#  commands to execute (from `Makefile', line 39):
	$(CC) $(FLAGS) -c $< -o $@
	

# 1 implicit rules, 0 (0.0%) terminal.

# Files

srcs/operations/ft_eating_case.o: srcs/operations/ft_eating_case.c includes/philo_bonus.h
#  Implicit rule search has been done.
#  Implicit/static pattern stem: `srcs/operations/ft_eating_case'
#  Last modified 2022-08-02 12:23:15
#  File has been updated.
#  Successfully updated.
# variable set hash-table stats:
# Load=0/32=0%, Rehash=0, Collisions=0/0=0%
#  commands to execute (from `Makefile', line 39):
	$(CC) $(FLAGS) -c $< -o $@
	

all: philo_bonus srcs/operations/ft_create_philos.o srcs/operations/ft_death_checker.o srcs/operations/ft_eating_case.o srcs/operations/ft_philo_routine.o srcs/operations/ft_sleeping_thinking.o srcs/operations/ft_taking_forks.o srcs/parsing/ft_init_args.o srcs/parsing/ft_init_semaphore.o srcs/parsing/ft_kill_philos.o srcs/parsing/ft_valid_args.o srcs/ft_tools/ft_atoi.o srcs/ft_tools/ft_calloc.o srcs/ft_tools/ft_cout.o srcs/ft_tools/ft_time_calcul.o srcs/ft_tools/ft_putstr_fd.o srcs/ft_tools/ft_help_menu.o srcs/philo_bonus.o includes/philo_bonus.h
#  Phony target (prerequisite of .PHONY).
#  Command-line target.
#  Implicit rule search has not been done.
#  File does not exist.
#  File has been updated.
#  Needs to be updated (-q is set).
# variable set hash-table stats:
# Load=0/32=0%, Rehash=0, Collisions=0/4=0%

.PHONY: all clean fclean re
#  Implicit rule search has not been done.
#  Modification time never checked.
#  File has not been updated.

# Not a target:
srcs/operations/ft_sleeping_thinking.o:
#  Implicit rule search has not been done.
#  Modification time never checked.
#  File has not been updated.

# Not a target:
.SUFFIXES:
#  Implicit rule search has not been done.
#  Modification time never checked.
#  File has not been updated.

# Not a target:
Makefile:
#  Implicit rule search has been done.
#  Last modified 2022-08-02 09:19:08
#  File has been updated.
#  Successfully updated.
# variable set hash-table stats:
# Load=0/32=0%, Rehash=0, Collisions=0/0=0%

# Not a target:
srcs/operations/ft_death_checker.c:
#  Implicit rule search has been done.
#  Last modified 2022-08-02 12:19:23
#  File has been updated.
#  Successfully updated.
# variable set hash-table stats:
# Load=0/32=0%, Rehash=0, Collisions=0/0=0%

# Not a target:
srcs/parsing/ft_init_args.o:
#  Implicit rule search has not been done.
#  Modification time never checked.
#  File has not been updated.

# Not a target:
srcs/parsing/ft_init_semaphore.o:
#  Implicit rule search has not been done.
#  Modification time never checked.
#  File has not been updated.

srcs/operations/ft_create_philos.o: srcs/operations/ft_create_philos.c includes/philo_bonus.h
#  Implicit rule search has been done.
#  Implicit/static pattern stem: `srcs/operations/ft_create_philos'
#  Last modified 2022-08-02 12:23:15
#  File has been updated.
#  Successfully updated.
# variable set hash-table stats:
# Load=0/32=0%, Rehash=0, Collisions=0/0=0%
#  commands to execute (from `Makefile', line 39):
	$(CC) $(FLAGS) -c $< -o $@
	

# Not a target:
includes/philo_bonus.h:
#  Implicit rule search has been done.
#  Last modified 2022-08-02 12:23:14
#  File has been updated.
#  Successfully updated.
# variable set hash-table stats:
# Load=0/32=0%, Rehash=0, Collisions=0/0=0%

# Not a target:
srcs/ft_tools/ft_time_calcul.o:
#  Implicit rule search has not been done.
#  Modification time never checked.
#  File has not been updated.

# Not a target:
 
srcs/ft_tools/ft_calloc.o:
#  Implicit rule search has not been done.
#  Modification time never checked.
#  File has not been updated.

# Not a target:
srcs/operations/ft_eating_case.c:
#  Implicit rule search has been done.
#  Last modified 2022-08-02 12:15:46
#  File has been updated.
#  Successfully updated.
# variable set hash-table stats:
# Load=0/32=0%, Rehash=0, Collisions=0/0=0%

fclean: clean
#  Phony target (prerequisite of .PHONY).
#  Implicit rule search has not been done.
#  File does not exist.
#  File has not been updated.
#  commands to execute (from `Makefile', line 45):
	rm -rf $(NAME)
	

# Not a target:
srcs/operations/ft_taking_forks.o:
#  Implicit rule search has not been done.
#  Modification time never checked.
#  File has not been updated.

srcs/operations/ft_philo_routine.o: srcs/operations/ft_philo_routine.c includes/philo_bonus.h
#  Implicit rule search has been done.
#  Implicit/static pattern stem: `srcs/operations/ft_philo_routine'
#  File does not exist.
#  File has been updated.
#  Needs to be updated (-q is set).
# automatic
# @ := srcs/operations/ft_philo_routine.o
# automatic
# % := 
# automatic
# * := srcs/operations/ft_philo_routine
# automatic
# + := srcs/operations/ft_philo_routine.c includes/philo_bonus.h
# automatic
# | := 
# automatic
# < := srcs/operations/ft_philo_routine.c
# automatic
# ^ := srcs/operations/ft_philo_routine.c includes/philo_bonus.h
# automatic
# ? := srcs/operations/ft_philo_routine.c includes/philo_bonus.h
# variable set hash-table stats:
# Load=8/32=25%, Rehash=0, Collisions=1/14=7%
#  commands to execute (from `Makefile', line 39):
	$(CC) $(FLAGS) -c $< -o $@
	

# Not a target:
srcs/ft_tools/ft_help_menu.o:
#  Implicit rule search has not been done.
#  Modification time never checked.
#  File has not been updated.

# Not a target:
.DEFAULT:
#  Implicit rule search has not been done.
#  Modification time never checked.
#  File has not been updated.

# Not a target:
srcs/ft_tools/ft_cout.o:
#  Implicit rule search has not been done.
#  Modification time never checked.
#  File has not been updated.

re: fclean all
#  Phony target (prerequisite of .PHONY).
#  Implicit rule search has not been done.
#  File does not exist.
#  File has not been updated.

clean:
#  Phony target (prerequisite of .PHONY).
#  Implicit rule search has not been done.
#  File does not exist.
#  File has not been updated.
#  commands to execute (from `Makefile', line 42):
	rm -rf $(OBJS)
	

# Not a target:
srcs/operations/ft_create_philos.c:
#  Implicit rule search has been done.
#  Last modified 2022-08-02 12:22:04
#  File has been updated.
#  Successfully updated.
# variable set hash-table stats:
# Load=0/32=0%, Rehash=0, Collisions=0/0=0%

# Not a target:
srcs/ft_tools/ft_putstr_fd.o:
#  Implicit rule search has not been done.
#  Modification time never checked.
#  File has not been updated.

# Not a target:
srcs/ft_tools/ft_atoi.o:
#  Implicit rule search has not been done.
#  Modification time never checked.
#  File has not been updated.

philo_bonus: srcs/operations/ft_create_philos.o srcs/operations/ft_death_checker.o srcs/operations/ft_eating_case.o srcs/operations/ft_philo_routine.o srcs/operations/ft_sleeping_thinking.o srcs/operations/ft_taking_forks.o srcs/parsing/ft_init_args.o srcs/parsing/ft_init_semaphore.o srcs/parsing/ft_kill_philos.o srcs/parsing/ft_valid_args.o srcs/ft_tools/ft_atoi.o srcs/ft_tools/ft_calloc.o srcs/ft_tools/ft_cout.o srcs/ft_tools/ft_time_calcul.o srcs/ft_tools/ft_putstr_fd.o srcs/ft_tools/ft_help_menu.o srcs/philo_bonus.o
#  Implicit rule search has not been done.
#  File does not exist.
#  File has been updated.
#  Needs to be updated (-q is set).
# variable set hash-table stats:
# Load=0/32=0%, Rehash=0, Collisions=0/4=0%
#  commands to execute (from `Makefile', line 34):
	$(CC) $(FLAGS) $(SRC) -o $(NAME)
	

# Not a target:
srcs/operations/ft_philo_routine.c:
#  Implicit rule search has been done.
#  Last modified 2022-08-02 12:15:36
#  File has been updated.
#  Successfully updated.
# variable set hash-table stats:
# Load=0/32=0%, Rehash=0, Collisions=0/0=0%

srcs/operations/ft_death_checker.o: srcs/operations/ft_death_checker.c includes/philo_bonus.h
#  Implicit rule search has been done.
#  Implicit/static pattern stem: `srcs/operations/ft_death_checker'
#  Last modified 2022-08-02 12:23:15
#  File has been updated.
#  Successfully updated.
# variable set hash-table stats:
# Load=0/32=0%, Rehash=0, Collisions=0/0=0%
#  commands to execute (from `Makefile', line 39):
	$(CC) $(FLAGS) -c $< -o $@
	

# Not a target:
srcs/parsing/ft_valid_args.o:
#  Implicit rule search has not been done.
#  Modification time never checked.
#  File has not been updated.

# Not a target:
srcs/philo_bonus.o:
#  Implicit rule search has not been done.
#  Modification time never checked.
#  File has not been updated.

# Not a target:
srcs/parsing/ft_kill_philos.o:
#  Implicit rule search has not been done.
#  Modification time never checked.
#  File has not been updated.

# files hash-table stats:
# Load=31/1024=3%, Rehash=0, Collisions=0/107=0%
# VPATH Search Paths

# No `vpath' search paths.

# No general (`VPATH' variable) search path.

# # of strings in strcache: 1
# # of strcache buffers: 1
# strcache size: total = 4096 / max = 4096 / min = 4096 / avg = 4096
# strcache free: total = 4087 / max = 4087 / min = 4087 / avg = 4087

# Finished Make data base on Tue Aug  2 13:53:55 2022

 
